mode: atomic
github.com\thinkoner\thinkgo\cache\memory\memory_store.go:17.33,18.26 1 17
github.com\thinkoner\thinkgo\cache\memory\memory_store.go:21.2,21.48 1 15
github.com\thinkoner\thinkgo\cache\memory\memory_store.go:18.26,20.3 1 2
github.com\thinkoner\thinkgo\cache\memory\memory_store.go:32.37,37.2 2 4
github.com\thinkoner\thinkgo\cache\memory\memory_store.go:41.56,46.9 4 6
github.com\thinkoner\thinkgo\cache\memory\memory_store.go:50.2,50.20 1 4
github.com\thinkoner\thinkgo\cache\memory\memory_store.go:54.2,55.44 2 3
github.com\thinkoner\thinkgo\cache\memory\memory_store.go:59.2,63.12 3 3
github.com\thinkoner\thinkgo\cache\memory\memory_store.go:46.9,48.3 1 2
github.com\thinkoner\thinkgo\cache\memory\memory_store.go:50.20,52.3 1 1
github.com\thinkoner\thinkgo\cache\memory\memory_store.go:55.44,57.3 1 0
github.com\thinkoner\thinkgo\cache\memory\memory_store.go:67.79,69.17 2 6
github.com\thinkoner\thinkgo\cache\memory\memory_store.go:73.2,81.11 4 6
github.com\thinkoner\thinkgo\cache\memory\memory_store.go:85.2,85.12 1 6
github.com\thinkoner\thinkgo\cache\memory\memory_store.go:69.17,71.3 1 6
github.com\thinkoner\thinkgo\cache\memory\memory_store.go:81.11,83.3 1 6
github.com\thinkoner\thinkgo\cache\memory\memory_store.go:89.40,95.20 4 4
github.com\thinkoner\thinkgo\cache\memory\memory_store.go:99.2,99.11 1 4
github.com\thinkoner\thinkgo\cache\memory\memory_store.go:95.20,97.3 1 0
github.com\thinkoner\thinkgo\cache\memory\memory_store.go:103.42,106.2 2 1
github.com\thinkoner\thinkgo\cache\memory\memory_store.go:109.31,116.2 4 1
github.com\thinkoner\thinkgo\cache\memory\memory_store.go:119.36,121.2 1 0
github.com\thinkoner\thinkgo\cache\memory\memory_store.go:124.49,125.22 1 4
github.com\thinkoner\thinkgo\cache\memory\memory_store.go:130.2,130.10 1 4
github.com\thinkoner\thinkgo\cache\memory\memory_store.go:125.22,127.3 1 4
github.com\thinkoner\thinkgo\cache\memory\memory_store.go:127.8,129.3 1 0
github.com\thinkoner\thinkgo\cache\memory\memory_store.go:134.33,138.27 3 6
github.com\thinkoner\thinkgo\cache\memory\memory_store.go:142.2,143.33 2 6
github.com\thinkoner\thinkgo\cache\memory\memory_store.go:159.2,159.26 1 6
github.com\thinkoner\thinkgo\cache\memory\memory_store.go:138.27,140.3 1 0
github.com\thinkoner\thinkgo\cache\memory\memory_store.go:143.33,144.27 1 9
github.com\thinkoner\thinkgo\cache\memory\memory_store.go:148.3,148.21 1 9
github.com\thinkoner\thinkgo\cache\memory\memory_store.go:144.27,145.12 1 0
github.com\thinkoner\thinkgo\cache\memory\memory_store.go:148.21,150.4 1 0
github.com\thinkoner\thinkgo\cache\memory\memory_store.go:150.9,153.61 2 9
github.com\thinkoner\thinkgo\cache\memory\memory_store.go:153.61,155.5 1 0
github.com\thinkoner\thinkgo\cache\memory\memory_store.go:159.26,160.60 1 0
github.com\thinkoner\thinkgo\cache\memory\memory_store.go:160.60,162.4 1 0
github.com\thinkoner\thinkgo\log\log.go:5.13,7.2 1 1
github.com\thinkoner\thinkgo\log\log.go:10.59,12.2 1 1
github.com\thinkoner\thinkgo\log\log.go:15.58,17.2 1 1
github.com\thinkoner\thinkgo\log\log.go:20.60,22.2 1 1
github.com\thinkoner\thinkgo\log\log.go:25.58,27.2 1 1
github.com\thinkoner\thinkgo\log\log.go:30.59,32.2 1 1
github.com\thinkoner\thinkgo\log\log.go:35.58,37.2 1 1
github.com\thinkoner\thinkgo\log\log.go:40.59,42.2 1 1
github.com\thinkoner\thinkgo\log\log.go:45.59,47.2 1 1
github.com\thinkoner\thinkgo\log\logger.go:23.37,29.2 2 1
github.com\thinkoner\thinkgo\log\logger.go:32.51,34.2 1 0
github.com\thinkoner\thinkgo\log\logger.go:37.52,40.2 2 0
github.com\thinkoner\thinkgo\log\logger.go:43.60,46.2 2 1
github.com\thinkoner\thinkgo\log\logger.go:49.36,51.18 2 0
github.com\thinkoner\thinkgo\log\logger.go:51.18,53.3 1 0
github.com\thinkoner\thinkgo\log\logger.go:57.63,59.40 2 0
github.com\thinkoner\thinkgo\log\logger.go:62.2,62.15 1 0
github.com\thinkoner\thinkgo\log\logger.go:59.40,61.3 1 0
github.com\thinkoner\thinkgo\log\logger.go:66.47,68.59 2 0
github.com\thinkoner\thinkgo\log\logger.go:71.2,71.16 1 0
github.com\thinkoner\thinkgo\log\logger.go:68.59,70.3 1 0
github.com\thinkoner\thinkgo\log\logger.go:74.91,75.32 1 8
github.com\thinkoner\thinkgo\log\logger.go:79.2,80.16 2 8
github.com\thinkoner\thinkgo\log\logger.go:84.2,85.59 2 8
github.com\thinkoner\thinkgo\log\logger.go:92.2,92.17 1 8
github.com\thinkoner\thinkgo\log\logger.go:96.2,96.16 1 8
github.com\thinkoner\thinkgo\log\logger.go:100.2,108.59 2 8
github.com\thinkoner\thinkgo\log\logger.go:115.2,115.18 1 8
github.com\thinkoner\thinkgo\log\logger.go:75.32,77.3 1 1
github.com\thinkoner\thinkgo\log\logger.go:80.16,82.3 1 0
github.com\thinkoner\thinkgo\log\logger.go:85.59,87.48 2 8
github.com\thinkoner\thinkgo\log\logger.go:87.48,89.9 2 8
github.com\thinkoner\thinkgo\log\logger.go:92.17,94.3 1 0
github.com\thinkoner\thinkgo\log\logger.go:96.16,98.3 1 0
github.com\thinkoner\thinkgo\log\logger.go:108.59,110.18 2 8
github.com\thinkoner\thinkgo\log\logger.go:110.18,111.9 1 0
github.com\thinkoner\thinkgo\log\logger.go:119.76,121.2 1 1
github.com\thinkoner\thinkgo\log\logger.go:124.75,126.2 1 1
github.com\thinkoner\thinkgo\log\logger.go:129.77,131.2 1 1
github.com\thinkoner\thinkgo\log\logger.go:134.75,136.2 1 1
github.com\thinkoner\thinkgo\log\logger.go:139.76,141.2 1 1
github.com\thinkoner\thinkgo\log\logger.go:144.75,146.2 1 1
github.com\thinkoner\thinkgo\log\logger.go:149.76,151.2 1 1
github.com\thinkoner\thinkgo\log\logger.go:154.76,156.2 1 1
github.com\thinkoner\thinkgo\log\logger.go:159.46,162.9 3 8
github.com\thinkoner\thinkgo\log\logger.go:165.2,165.15 1 8
github.com\thinkoner\thinkgo\log\logger.go:162.9,164.3 1 0
github.com\thinkoner\thinkgo\cache\store.go:26.49,27.20 1 1
github.com\thinkoner\thinkgo\cache\store.go:30.2,30.33 1 1
github.com\thinkoner\thinkgo\cache\store.go:33.2,34.12 2 1
github.com\thinkoner\thinkgo\cache\store.go:27.20,29.3 1 0
github.com\thinkoner\thinkgo\cache\store.go:30.33,32.3 1 0
github.com\thinkoner\thinkgo\cache\store.go:38.51,40.24 2 2
github.com\thinkoner\thinkgo\cache\store.go:52.2,52.19 1 1
github.com\thinkoner\thinkgo\cache\store.go:41.14,43.10 2 1
github.com\thinkoner\thinkgo\cache\store.go:47.3,47.20 1 1
github.com\thinkoner\thinkgo\cache\store.go:48.13,49.26 1 1
github.com\thinkoner\thinkgo\cache\store.go:43.10,46.4 2 0
github.com\thinkoner\thinkgo\cache\redis\redis_store.go:17.55,20.2 2 5
github.com\thinkoner\thinkgo\cache\redis\redis_store.go:23.56,28.16 4 3
github.com\thinkoner\thinkgo\cache\redis\redis_store.go:32.2,32.31 1 0
github.com\thinkoner\thinkgo\cache\redis\redis_store.go:28.16,30.3 1 3
github.com\thinkoner\thinkgo\cache\redis\redis_store.go:36.79,38.16 2 5
github.com\thinkoner\thinkgo\cache\redis\redis_store.go:41.2,44.12 4 5
github.com\thinkoner\thinkgo\cache\redis\redis_store.go:38.16,40.3 1 0
github.com\thinkoner\thinkgo\cache\redis\redis_store.go:48.40,52.16 4 4
github.com\thinkoner\thinkgo\cache\redis\redis_store.go:55.2,55.10 1 0
github.com\thinkoner\thinkgo\cache\redis\redis_store.go:52.16,54.3 1 4
github.com\thinkoner\thinkgo\cache\redis\redis_store.go:59.42,64.2 4 1
github.com\thinkoner\thinkgo\cache\redis\redis_store.go:67.31,71.16 4 1
github.com\thinkoner\thinkgo\cache\redis\redis_store.go:74.2,74.27 1 0
github.com\thinkoner\thinkgo\cache\redis\redis_store.go:79.2,79.12 1 0
github.com\thinkoner\thinkgo\cache\redis\redis_store.go:71.16,73.3 1 1
github.com\thinkoner\thinkgo\cache\redis\redis_store.go:74.27,75.44 1 0
github.com\thinkoner\thinkgo\cache\redis\redis_store.go:75.44,77.4 1 0
github.com\thinkoner\thinkgo\cache\redis\redis_store.go:83.50,86.2 2 5
github.com\thinkoner\thinkgo\cache\redis\redis_store.go:89.36,91.2 1 0
github.com\thinkoner\thinkgo\cache\redis\redis_store.go:94.49,95.22 1 5
github.com\thinkoner\thinkgo\cache\redis\redis_store.go:100.2,100.10 1 5
github.com\thinkoner\thinkgo\cache\redis\redis_store.go:95.22,97.3 1 5
github.com\thinkoner\thinkgo\cache\redis\redis_store.go:97.8,99.3 1 0
